<?xml version="1.0" encoding="UTF-8"?>
<!-- Generated by org.testng.reporters.JUnitReportReporter -->
<testsuite skipped="0" hostname="DESKTOP-B24PROE" name="api.test.UserTests" tests="4" failures="0" timestamp="13 Feb 2023 17:41:15 GMT" time="3.071" errors="0">
  <testcase name="testPostUser" time="1.768" classname="api.test.UserTests"/>
  <testcase name="testGetUserByName" time="0.329" classname="api.test.UserTests"/>
  <testcase name="testUpdateUserByName" time="0.613" classname="api.test.UserTests"/>
  <testcase name="testDeleteUserByName" time="0.361" classname="api.test.UserTests"/>
</testsuite> <!-- api.test.UserTests -->
