<?xml version="1.0" encoding="UTF-8"?>
<!-- Generated by org.testng.reporters.JUnitReportReporter -->
<testsuite skipped="0" hostname="DESKTOP-B24PROE" name="api.test.UserTests2" tests="4" failures="0" timestamp="13 Feb 2023 18:02:05 GMT" time="2.935" errors="0">
  <testcase name="testPostUser" time="1.715" classname="api.test.UserTests2"/>
  <testcase name="testGetUserByName" time="0.304" classname="api.test.UserTests2"/>
  <testcase name="testUpdateUserByName" time="0.601" classname="api.test.UserTests2"/>
  <testcase name="testDeleteUserByName" time="0.315" classname="api.test.UserTests2"/>
</testsuite> <!-- api.test.UserTests2 -->
