<?xml version="1.0" encoding="UTF-8"?>
<!-- Generated by org.testng.reporters.JUnitReportReporter -->
<testsuite skipped="0" hostname="DESKTOP-B24PROE" name="api.test.UserTests2" tests="4" failures="0" timestamp="13 Feb 2023 18:24:06 GMT" time="2.946" errors="0">
  <testcase name="testPostUser" time="1.754" classname="api.test.UserTests2"/>
  <testcase name="testGetUserByName" time="0.308" classname="api.test.UserTests2"/>
  <testcase name="testUpdateUserByName" time="0.587" classname="api.test.UserTests2"/>
  <testcase name="testDeleteUserByName" time="0.297" classname="api.test.UserTests2"/>
</testsuite> <!-- api.test.UserTests2 -->
